<?xml version="1.0" encoding="UTF-8"?>
<!-- Generated by org.testng.reporters.JUnitReportReporter -->
<testsuite skipped="0" hostname="LAPTOP-7NC8C0E5" name="com.capsule.tests.HomePageTest" tests="1" failures="0" timestamp="25 Aug 2019 12:38:47 GMT" time="23.278" errors="0">
  <testcase name="clickOrganizationLink" time="23.278" classname="com.capsule.tests.HomePageTest"/>
</testsuite> <!-- com.capsule.tests.HomePageTest -->
