<?xml version="1.0" encoding="UTF-8"?>
<!-- Generated by org.testng.reporters.JUnitReportReporter -->
<testsuite skipped="0" hostname="LAPTOP-7NC8C0E5" name="com.capsule.tests.OrganizationPageTest" tests="3" failures="0" timestamp="25 Aug 2019 14:02:08 GMT" time="113.065" errors="0">
  <testcase name="enterOrgDetails" time="32.102" classname="com.capsule.tests.OrganizationPageTest"/>
  <testcase name="enterOrgDetails" time="47.704" classname="com.capsule.tests.OrganizationPageTest"/>
  <testcase name="enterOrgDetails" time="33.259" classname="com.capsule.tests.OrganizationPageTest"/>
</testsuite> <!-- com.capsule.tests.OrganizationPageTest -->
